<?xml version="1.0" encoding="UTF-8"?>
<!-- Generated by org.testng.reporters.JUnitReportReporter -->
<testsuite skipped="0" hostname="APAC-M-6379" name="test.Payback" tests="1" failures="0" timestamp="2022-08-02T12:54:30 IST" time="61.487" errors="0">
  <testcase name="testApp" time="61.487" classname="test.Payback"/>
  <system-out/>
</testsuite> <!-- test.Payback -->
