<?xml version="1.0" encoding="UTF-8"?>
<!-- Generated by org.testng.reporters.JUnitReportReporter -->
<testsuite name="test.Payback" tests="1" time="30.778" ignored="0" failures="0" timestamp="02 Aug 2022 07:51:03 GMT" skipped="0" hostname="APAC-M-6379" errors="0">
  <testcase name="testApp" time="30.778" classname="test.Payback"/>
</testsuite> <!-- test.Payback -->
